<?xml version="1.0" encoding="UTF-8"?>
<!-- Generated by org.testng.reporters.JUnitReportReporter -->
<testsuite skipped="0" hostname="rakeshs-Air" name="org.restapi.test.PostApiTest" tests="1" failures="0" timestamp="17 Aug 2018 06:13:35 GMT" time="3.786" errors="0">
  <testcase name="postCallMethod" time="3.786" classname="org.restapi.test.PostApiTest"/>
</testsuite> <!-- org.restapi.test.PostApiTest -->
