<?xml version="1.0" encoding="UTF-8"?>
<!-- Generated by org.testng.reporters.JUnitReportReporter -->
<testsuite skipped="0" hostname="rakeshs-Air" name="org.restapi.test.GetApiTest" tests="2" failures="0" timestamp="16 Aug 2018 08:18:57 GMT" time="5.073" errors="0">
  <testcase name="getCallTestWithoutHeader" time="3.049" classname="org.restapi.test.GetApiTest"/>
  <testcase name="getCallTestWithHeader" time="2.024" classname="org.restapi.test.GetApiTest"/>
</testsuite> <!-- org.restapi.test.GetApiTest -->
