<?xml version="1.0" encoding="UTF-8"?>
<!-- Generated by org.testng.reporters.JUnitReportReporter -->
<testsuite skipped="0" hostname="rakeshs-MacBook-Air.local" name="org.restapi.test.PutApiTest" tests="1" failures="0" timestamp="19 Aug 2018 06:56:22 GMT" time="1.704" errors="0">
  <testcase name="putCallTest" time="1.704" classname="org.restapi.test.PutApiTest"/>
</testsuite> <!-- org.restapi.test.PutApiTest -->
