<?xml version="1.0" encoding="UTF-8"?>
<!-- Generated by org.testng.reporters.JUnitReportReporter -->
<testsuite skipped="0" hostname="rakeshs-MacBook-Air.local" name="org.restapi.test.DeleteApiTest" tests="2" failures="0" timestamp="19 Aug 2018 07:24:05 GMT" time="2.716" errors="0">
  <testcase name="deleteCall" time="1.923" classname="org.restapi.test.DeleteApiTest"/>
  <testcase name="deleteCallWithHeader" time="0.793" classname="org.restapi.test.DeleteApiTest"/>
</testsuite> <!-- org.restapi.test.DeleteApiTest -->
